<?xml version="1.0" encoding="UTF-8"?>
<testsuite xmlns:xsi="http://www.w3.org/2001/XMLSchema-instance" xsi:noNamespaceSchemaLocation="https://maven.apache.org/surefire/maven-surefire-plugin/xsd/surefire-test-report-3.0.xsd" version="3.0" name="TestSuite" time="10.114" tests="3" errors="0" skipped="0" failures="1">
  <properties>
[...]
</properties>
  <testcase name="shouldAnswerWithTrue" classname="Framework.AppTest" time="0.005">
    <system-out><![CDATA[[TestNGContentHandler] [WARN] It is strongly recommended to add "<!DOCTYPE suite SYSTEM "http://testng.org/testng-1.0.dtd" >" at the top of your file, otherwise TestNG may fail or not work as expected.
]]></system-out>
  </testcase>
  <testcase name="basePageNavigation" classname="Framework.LoginTest" time="7.897">
    <system-err><![CDATA[SSttaarrttiinngg  CChhrroommeeDDrriivveerr  8866..00..4244204.02.22 2 ((339988b074b3035734f3f3365fb31fbf82364fb618b82f46638af36a39a33ba49e32be849ee2-ree8f9se/-brraenfcs/hb-hreaanch-dhesa/4d2s/442400@@{#{#3378}7) 8}o)n  opno rt 6p8ort 7115
9O9n7
Onllyy  llooccala lc ocnnoencnteicotinosn s aarer ea lallolowewde.d
.P
lPeleaassee  sseeee  hhttttpps:s/://c/hcrhormeodmreidvreirv.erc.hcrhroommiiuumm..oorrgg/s/escuerciutryi-tcyo-cnosnidseidreatratiioonnss f ofr or ssuuggggeessttiionos nosn  on kekepeienpgi ngC hCrhormeoDmreiverD rsiavfere s.a
feC.h
roCmheromDerDirivveerr  wwaass  ssttaarrtteedd  ssucuccecsessfsuflullyl.y.

[1611043097.397][WARNING]: This version of ChromeDriver has not been tested with Chrome version 87.
[1611043097.455][WARNING]: This version of ChromeDriver has not been tested with Chrome version 87.
Jan 18, 2021 11:58:17 PM org.openqa.selenium.remote.ProtocolHandshake createSession
INFO: Detected dialect: W3C
Jan 18, 2021 11:58:17 PM org.openqa.selenium.remote.ProtocolHandshake createSession
INFO: Detected dialect: W3C
]]></system-err>
  </testcase>
  <testcase name="validateTitle" classname="Framework.ValidateTitleTest" time="9.156">
    <failure message="expected [XXXXXX] but found [Selenium Easy Demo - Simple Form to Automate using Selenium]" type="java.lang.AssertionError"><![CDATA[java.lang.AssertionError: expected [XXXXXX] but found [Selenium Easy Demo - Simple Form to Automate using Selenium]
	at Framework.ValidateTitleTest.validateTitle(ValidateTitleTest.java:42)
]]></failure>
    <system-out><![CDATA[inside listener methhod
inside try
inside screensthhot method
inside 1
inside 2
inside 3
inside 4
]]></system-out>
  </testcase>
</testsuite>