<?xml version="1.0" encoding="UTF-8"?>
<testng-results ignored="0" total="2" passed="2" failed="0" skipped="0">
  <reporter-output>
  </reporter-output>
  <suite started-at="2021-01-19T03:31:30Z" name="Suite" finished-at="2021-01-19T03:31:38Z" duration-ms="7412">
    <groups>
    </groups>
    <test started-at="2021-01-19T03:31:30Z" name="Test" finished-at="2021-01-19T03:31:38Z" duration-ms="7412">
      <class name="Framework.AppTest">
        <test-method signature="shouldAnswerWithTrue()[pri:0, instance:Framework.AppTest@569bf9eb]" started-at="2021-01-19T03:31:30Z" name="shouldAnswerWithTrue" finished-at="2021-01-19T03:31:30Z" duration-ms="4" status="PASS">
          <reporter-output>
          </reporter-output>
        </test-method> <!-- shouldAnswerWithTrue -->
      </class> <!-- Framework.AppTest -->
      <class name="Framework.LoginTest">
        <test-method signature="basePageNavigation()[pri:0, instance:Framework.LoginTest@61526469]" started-at="2021-01-19T03:31:30Z" name="basePageNavigation" finished-at="2021-01-19T03:31:38Z" duration-ms="7392" status="PASS">
          <reporter-output>
          </reporter-output>
        </test-method> <!-- basePageNavigation -->
      </class> <!-- Framework.LoginTest -->
    </test> <!-- Test -->
  </suite> <!-- Suite -->
</testng-results>
