<?xml version="1.0" encoding="UTF-8"?>
<testng-results ignored="0" total="1" passed="1" failed="0" skipped="0">
  <reporter-output>
  </reporter-output>
  <suite started-at="2021-01-17T21:15:35 PST" name="Default suite" finished-at="2021-01-17T21:15:43 PST" duration-ms="7855">
    <groups>
    </groups>
    <test started-at="2021-01-17T21:15:35 PST" name="Default test" finished-at="2021-01-17T21:15:43 PST" duration-ms="7855">
      <class name="Framework.LoginTest">
        <test-method signature="basePageNavigation()[pri:0, instance:Framework.LoginTest@37271612]" started-at="2021-01-17T21:15:35 PST" name="basePageNavigation" finished-at="2021-01-17T21:15:43 PST" duration-ms="7828" status="PASS">
          <reporter-output>
          </reporter-output>
        </test-method> <!-- basePageNavigation -->
      </class> <!-- Framework.LoginTest -->
    </test> <!-- Default test -->
  </suite> <!-- Default suite -->
</testng-results>
