<?xml version="1.0" encoding="UTF-8"?>
<testng-results ignored="0" total="1" passed="1" failed="0" skipped="0">
  <reporter-output>
  </reporter-output>
  <suite started-at="2021-01-19T02:35:19Z" name="Default suite" finished-at="2021-01-19T02:35:27Z" duration-ms="7336">
    <groups>
    </groups>
    <test started-at="2021-01-19T02:35:19Z" name="Default test" finished-at="2021-01-19T02:35:27Z" duration-ms="7336">
      <class name="Framework.LoginTest">
        <test-method signature="basePageNavigation()[pri:0, instance:Framework.LoginTest@609bcfb6]" started-at="2021-01-19T02:35:19Z" name="basePageNavigation" finished-at="2021-01-19T02:35:27Z" duration-ms="7320" status="PASS">
          <reporter-output>
          </reporter-output>
        </test-method> <!-- basePageNavigation -->
      </class> <!-- Framework.LoginTest -->
    </test> <!-- Default test -->
  </suite> <!-- Default suite -->
</testng-results>
